<?xml version="1.0" encoding="UTF-8"?><testsuite errors="1" failures="0" name="Como comprador de la tienda online" skipped="0" tests="2" time="69.37" timestamp="2018-11-27 04:44:23"><testcase name="Compra de vestido de verano"><error message="Timed out after 20 seconds. Element not available&#10;Build info: version: '3.14.0', revision: 'aacccce0', time: '2018-08-02T20:19:58.91Z'&#10;System info: host: 'DESKTOP-GE1LFJM', ip: '10.11.234.107', os.name: 'Windows 10', os.arch: 'amd64', os.version: '10.0', java.version: '1.8.0_191'&#10;Driver info: driver.version: unknown&#10;Build info: version: '3.14.0', revision: 'aacccce0', time: '2018-08-02T20:19:58.91Z'&#10;System info: host: 'DESKTOP-GE1LFJM', ip: '10.11.234.107', os.name: 'Windows 10', os.arch: 'amd64', os.version: '10.0', java.version: '1.8.0_191'&#10;Driver info: driver.version: unknown" type="org.openqa.selenium.ElementNotVisibleException">Timed out after 20 seconds. Element not available
Build info: version: '3.14.0', revision: 'aacccce0', time: '2018-08-02T20:19:58.91Z'
System info: host: 'DESKTOP-GE1LFJM', ip: '10.11.234.107', os.name: 'Windows 10', os.arch: 'amd64', os.version: '10.0', java.version: '1.8.0_191'
Driver info: driver.version: unknown
Build info: version: '3.14.0', revision: 'aacccce0', time: '2018-08-02T20:19:58.91Z'
System info: host: 'DESKTOP-GE1LFJM', ip: '10.11.234.107', os.name: 'Windows 10', os.arch: 'amd64', os.version: '10.0', java.version: '1.8.0_191'
Driver info: driver.version: unknown</error><system-err>Timed out after 20 seconds. Element not available
Build info: version: '3.14.0', revision: 'aacccce0', time: '2018-08-02T20:19:58.91Z'
System info: host: 'DESKTOP-GE1LFJM', ip: '10.11.234.107', os.name: 'Windows 10', os.arch: 'amd64', os.version: '10.0', java.version: '1.8.0_191'
Driver info: driver.version: unknown
Build info: version: '3.14.0', revision: 'aacccce0', time: '2018-08-02T20:19:58.91Z'
System info: host: 'DESKTOP-GE1LFJM', ip: '10.11.234.107', os.name: 'Windows 10', os.arch: 'amd64', os.version: '10.0', java.version: '1.8.0_191'
Driver info: driver.version: unknown&#13;
com.automationpractice.taller2.pages.compraPages.realizarCompra(compraPages.java:51)&#13;
com.automationpractice.taller2.steps.compraSteps.compraVestido(compraSteps.java:20)&#13;
com.automationpractice.taller2.stepdefinitions.tiendaveranoStepDefinitions.comproElVestido(tiendaveranoStepDefinitions.java:90)&#13;
✽.Compro el vestido(src/test/resources/features/TiendaVerano.feature:17)&#13;
</system-err></testcase><testcase name="Verificar historial de ordenes"/></testsuite>